<?xml version="1.0" encoding="UTF-8"?>
<testng-results ignored="0" total="6" passed="5" failed="1" skipped="0">
  <reporter-output>
    <line>
      <![CDATA[Browser Launched successfully]]>
    </line>
    <line>
      <![CDATA[Browser Launched successfully]]>
    </line>
    <line>
      <![CDATA[Browser Launched successfully]]>
    </line>
    <line>
      <![CDATA[Browser Launched successfully]]>
    </line>
    <line>
      <![CDATA[Sucessfully validated the three slides ]]>
    </line>
    <line>
      <![CDATA[Browser Launched successfully]]>
    </line>
    <line>
      <![CDATA[Sucessfully validated the three slides ]]>
    </line>
    <line>
      <![CDATA[Browser Launched successfully]]>
    </line>
    <line>
      <![CDATA[Sucessfully validated the three slides ]]>
    </line>
  </reporter-output>
  <suite started-at="2020-02-16T05:48:10Z" name="Suite" finished-at="2020-02-16T05:55:24Z" duration-ms="433335">
    <groups>
    </groups>
    <test started-at="2020-02-16T05:48:10Z" name="Test" finished-at="2020-02-16T05:55:24Z" duration-ms="433335">
      <class name="com.pa.qa.testcases.LogInToAppTest">
        <test-method is-config="true" signature="setUp()[pri:0, instance:com.pa.qa.testcases.LogInToAppTest@657c8ad9]" started-at="2020-02-16T11:19:59Z" name="setUp" finished-at="2020-02-16T11:20:28Z" duration-ms="28927" status="PASS">
          <reporter-output>
            <line>
              <![CDATA[Browser Launched successfully]]>
            </line>
          </reporter-output>
        </test-method> <!-- setUp -->
        <test-method signature="LogInToApp(java.lang.String, java.lang.String, java.lang.String, java.lang.String)[pri:0, instance:com.pa.qa.testcases.LogInToAppTest@657c8ad9]" started-at="2020-02-16T11:20:28Z" name="LogInToApp" data-provider="getLogInTestData" finished-at="2020-02-16T11:21:02Z" duration-ms="34198" status="PASS">
          <params>
            <param index="0">
              <value>
                <![CDATA[yogeshanthati@gmail.com]]>
              </value>
            </param>
            <param index="1">
              <value>
                <![CDATA[yogesh@946]]>
              </value>
            </param>
            <param index="2">
              <value>
                <![CDATA[]]>
              </value>
            </param>
            <param index="3">
              <value>
                <![CDATA[sampledata2]]>
              </value>
            </param>
          </params>
          <reporter-output>
          </reporter-output>
        </test-method> <!-- LogInToApp -->
        <test-method is-config="true" signature="getResult(org.testng.ITestResult)[pri:0, instance:com.pa.qa.testcases.LogInToAppTest@657c8ad9]" started-at="2020-02-16T11:21:02Z" name="getResult" finished-at="2020-02-16T11:21:05Z" duration-ms="2750" status="PASS">
          <params>
            <param index="0">
              <value>
                <![CDATA[[TestResult name=LogInToApp status=SUCCESS method=LogInToAppTest.LogInToApp(java.lang.String, java.lang.String, java.lang.String, java.lang.String)[pri:0, instance:com.pa.qa.testcases.LogInToAppTest@657c8ad9] output={null}]]]>
              </value>
            </param>
          </params>
          <reporter-output>
          </reporter-output>
        </test-method> <!-- getResult -->
        <test-method is-config="true" signature="setUp()[pri:0, instance:com.pa.qa.testcases.LogInToAppTest@657c8ad9]" started-at="2020-02-16T11:21:05Z" name="setUp" finished-at="2020-02-16T11:21:25Z" duration-ms="20243" status="PASS">
          <reporter-output>
            <line>
              <![CDATA[Browser Launched successfully]]>
            </line>
          </reporter-output>
        </test-method> <!-- setUp -->
        <test-method signature="LogInToApp(java.lang.String, java.lang.String, java.lang.String, java.lang.String)[pri:0, instance:com.pa.qa.testcases.LogInToAppTest@657c8ad9]" started-at="2020-02-16T11:21:25Z" name="LogInToApp" data-provider="getLogInTestData" finished-at="2020-02-16T11:22:24Z" duration-ms="59312" status="FAIL">
          <params>
            <param index="0">
              <value>
                <![CDATA[yogeshanthati@gmail.com]]>
              </value>
            </param>
            <param index="1">
              <value>
                <![CDATA[]]>
              </value>
            </param>
            <param index="2">
              <value>
                <![CDATA[sampledata1]]>
              </value>
            </param>
            <param index="3">
              <value>
                <![CDATA[]]>
              </value>
            </param>
          </params>
          <exception class="org.openqa.selenium.NoSuchElementException">
            <message>
              <![CDATA[no such element: Unable to locate element: {"method":"xpath","selector":"//a[text()='Sign out']"}
  (Session info: chrome=79.0.3945.130)
For documentation on this error, please visit: https://www.seleniumhq.org/exceptions/no_such_element.html
Build info: version: '3.141.59', revision: 'e82be7d358', time: '2018-11-14T08:17:03'
System info: host: 'DESKTOP-C2I0Q31', ip: '192.168.175.241', os.name: 'Windows 10', os.arch: 'amd64', os.version: '10.0', java.version: '12.0.2'
Driver info: org.openqa.selenium.chrome.ChromeDriver
Capabilities {acceptInsecureCerts: false, browserName: chrome, browserVersion: 79.0.3945.130, chrome: {chromedriverVersion: 79.0.3945.16 (93fcc21110c10..., userDataDir: C:\Users\Yogesh\AppData\Loc...}, goog:chromeOptions: {debuggerAddress: localhost:63924}, javascriptEnabled: true, networkConnectionEnabled: false, pageLoadStrategy: normal, platform: WINDOWS, platformName: WINDOWS, proxy: Proxy(), setWindowRect: true, strictFileInteractability: false, timeouts: {implicit: 0, pageLoad: 300000, script: 30000}, unhandledPromptBehavior: dismiss and notify}
Session ID: 309b3a4b4dab45939ad1f5b24fef0544
*** Element info: {Using=xpath, value=//a[text()='Sign out']}]]>
            </message>
            <full-stacktrace>
              <![CDATA[org.openqa.selenium.NoSuchElementException: no such element: Unable to locate element: {"method":"xpath","selector":"//a[text()='Sign out']"}
  (Session info: chrome=79.0.3945.130)
For documentation on this error, please visit: https://www.seleniumhq.org/exceptions/no_such_element.html
Build info: version: '3.141.59', revision: 'e82be7d358', time: '2018-11-14T08:17:03'
System info: host: 'DESKTOP-C2I0Q31', ip: '192.168.175.241', os.name: 'Windows 10', os.arch: 'amd64', os.version: '10.0', java.version: '12.0.2'
Driver info: org.openqa.selenium.chrome.ChromeDriver
Capabilities {acceptInsecureCerts: false, browserName: chrome, browserVersion: 79.0.3945.130, chrome: {chromedriverVersion: 79.0.3945.16 (93fcc21110c10..., userDataDir: C:\Users\Yogesh\AppData\Loc...}, goog:chromeOptions: {debuggerAddress: localhost:63924}, javascriptEnabled: true, networkConnectionEnabled: false, pageLoadStrategy: normal, platform: WINDOWS, platformName: WINDOWS, proxy: Proxy(), setWindowRect: true, strictFileInteractability: false, timeouts: {implicit: 0, pageLoad: 300000, script: 30000}, unhandledPromptBehavior: dismiss and notify}
Session ID: 309b3a4b4dab45939ad1f5b24fef0544
*** Element info: {Using=xpath, value=//a[text()='Sign out']}
	at java.base/jdk.internal.reflect.NativeConstructorAccessorImpl.newInstance0(Native Method)
	at java.base/jdk.internal.reflect.NativeConstructorAccessorImpl.newInstance(NativeConstructorAccessorImpl.java:62)
	at java.base/jdk.internal.reflect.DelegatingConstructorAccessorImpl.newInstance(DelegatingConstructorAccessorImpl.java:45)
	at java.base/java.lang.reflect.Constructor.newInstanceWithCaller(Constructor.java:500)
	at java.base/java.lang.reflect.Constructor.newInstance(Constructor.java:481)
	at org.openqa.selenium.remote.http.W3CHttpResponseCodec.createException(W3CHttpResponseCodec.java:187)
	at org.openqa.selenium.remote.http.W3CHttpResponseCodec.decode(W3CHttpResponseCodec.java:122)
	at org.openqa.selenium.remote.http.W3CHttpResponseCodec.decode(W3CHttpResponseCodec.java:49)
	at org.openqa.selenium.remote.HttpCommandExecutor.execute(HttpCommandExecutor.java:158)
	at org.openqa.selenium.remote.service.DriverCommandExecutor.execute(DriverCommandExecutor.java:83)
	at org.openqa.selenium.remote.RemoteWebDriver.execute(RemoteWebDriver.java:552)
	at org.openqa.selenium.remote.RemoteWebDriver.findElement(RemoteWebDriver.java:323)
	at org.openqa.selenium.remote.RemoteWebDriver.findElementByXPath(RemoteWebDriver.java:428)
	at org.openqa.selenium.By$ByXPath.findElement(By.java:353)
	at org.openqa.selenium.remote.RemoteWebDriver.findElement(RemoteWebDriver.java:315)
	at org.openqa.selenium.support.pagefactory.DefaultElementLocator.findElement(DefaultElementLocator.java:69)
	at org.openqa.selenium.support.pagefactory.internal.LocatingElementHandler.invoke(LocatingElementHandler.java:38)
	at com.sun.proxy.$Proxy16.isDisplayed(Unknown Source)
	at com.pa.qa.pages.MyAccountPageRegisterAndLogin.LogIn(MyAccountPageRegisterAndLogin.java:52)
	at com.pa.qa.testcases.LogInToAppTest.LogInToApp(LogInToAppTest.java:48)
	at java.base/jdk.internal.reflect.NativeMethodAccessorImpl.invoke0(Native Method)
	at java.base/jdk.internal.reflect.NativeMethodAccessorImpl.invoke(NativeMethodAccessorImpl.java:62)
	at java.base/jdk.internal.reflect.DelegatingMethodAccessorImpl.invoke(DelegatingMethodAccessorImpl.java:43)
	at java.base/java.lang.reflect.Method.invoke(Method.java:567)
	at org.testng.internal.MethodInvocationHelper.invokeMethod(MethodInvocationHelper.java:108)
	at org.testng.internal.Invoker.invokeMethod(Invoker.java:661)
	at org.testng.internal.Invoker.invokeTestMethod(Invoker.java:869)
	at org.testng.internal.Invoker.invokeTestMethods(Invoker.java:1193)
	at org.testng.internal.TestMethodWorker.invokeTestMethods(TestMethodWorker.java:126)
	at org.testng.internal.TestMethodWorker.run(TestMethodWorker.java:109)
	at org.testng.TestRunner.privateRun(TestRunner.java:744)
	at org.testng.TestRunner.run(TestRunner.java:602)
	at org.testng.SuiteRunner.runTest(SuiteRunner.java:380)
	at org.testng.SuiteRunner.runSequentially(SuiteRunner.java:375)
	at org.testng.SuiteRunner.privateRun(SuiteRunner.java:340)
	at org.testng.SuiteRunner.run(SuiteRunner.java:289)
	at org.testng.SuiteRunnerWorker.runSuite(SuiteRunnerWorker.java:52)
	at org.testng.SuiteRunnerWorker.run(SuiteRunnerWorker.java:86)
	at org.testng.TestNG.runSuitesSequentially(TestNG.java:1301)
	at org.testng.TestNG.runSuitesLocally(TestNG.java:1226)
	at org.testng.TestNG.runSuites(TestNG.java:1144)
	at org.testng.TestNG.run(TestNG.java:1115)
	at org.testng.remote.AbstractRemoteTestNG.run(AbstractRemoteTestNG.java:115)
	at org.testng.remote.RemoteTestNG.initAndRun(RemoteTestNG.java:251)
	at org.testng.remote.RemoteTestNG.main(RemoteTestNG.java:77)
]]>
            </full-stacktrace>
          </exception> <!-- org.openqa.selenium.NoSuchElementException -->
          <reporter-output>
          </reporter-output>
        </test-method> <!-- LogInToApp -->
        <test-method is-config="true" signature="getResult(org.testng.ITestResult)[pri:0, instance:com.pa.qa.testcases.LogInToAppTest@657c8ad9]" started-at="2020-02-16T11:22:24Z" name="getResult" finished-at="2020-02-16T11:22:27Z" duration-ms="2788" status="PASS">
          <params>
            <param index="0">
              <value>
                <![CDATA[[TestResult name=LogInToApp status=FAILURE method=LogInToAppTest.LogInToApp(java.lang.String, java.lang.String, java.lang.String, java.lang.String)[pri:0, instance:com.pa.qa.testcases.LogInToAppTest@657c8ad9] output={null}]]]>
              </value>
            </param>
          </params>
          <reporter-output>
          </reporter-output>
        </test-method> <!-- getResult -->
      </class> <!-- com.pa.qa.testcases.LogInToAppTest -->
      <class name="com.pa.qa.testcases.DataBaseTest">
        <test-method is-config="true" signature="ConfigureReport()[pri:0, instance:com.pa.qa.testcases.DataBaseTest@475e586c]" started-at="2020-02-16T11:18:10Z" name="ConfigureReport" finished-at="2020-02-16T11:18:10Z" duration-ms="375" status="PASS">
          <reporter-output>
          </reporter-output>
        </test-method> <!-- ConfigureReport -->
        <test-method is-config="true" signature="ConfigureReport()[pri:0, instance:com.pa.qa.testcases.HomePageTest@436a4e4b]" started-at="2020-02-16T11:18:10Z" name="ConfigureReport" finished-at="2020-02-16T11:18:10Z" duration-ms="0" status="PASS">
          <reporter-output>
          </reporter-output>
        </test-method> <!-- ConfigureReport -->
        <test-method is-config="true" signature="ConfigureReport()[pri:0, instance:com.pa.qa.testcases.LogInToAppTest@657c8ad9]" started-at="2020-02-16T11:18:10Z" name="ConfigureReport" finished-at="2020-02-16T11:18:10Z" duration-ms="0" status="PASS">
          <reporter-output>
          </reporter-output>
        </test-method> <!-- ConfigureReport -->
        <test-method is-config="true" signature="setUp()[pri:0, instance:com.pa.qa.testcases.DataBaseTest@475e586c]" started-at="2020-02-16T11:18:10Z" name="setUp" finished-at="2020-02-16T11:19:10Z" duration-ms="59586" status="PASS">
          <reporter-output>
            <line>
              <![CDATA[Browser Launched successfully]]>
            </line>
          </reporter-output>
        </test-method> <!-- setUp -->
        <test-method signature="DBLogInTest()[pri:0, instance:com.pa.qa.testcases.DataBaseTest@475e586c]" started-at="2020-02-16T11:19:10Z" name="DBLogInTest" finished-at="2020-02-16T11:19:50Z" duration-ms="39622" status="PASS">
          <reporter-output>
          </reporter-output>
        </test-method> <!-- DBLogInTest -->
        <test-method is-config="true" signature="getResult(org.testng.ITestResult)[pri:0, instance:com.pa.qa.testcases.DataBaseTest@475e586c]" started-at="2020-02-16T11:19:50Z" name="getResult" finished-at="2020-02-16T11:19:53Z" duration-ms="3496" status="PASS">
          <params>
            <param index="0">
              <value>
                <![CDATA[[TestResult name=DBLogInTest status=SUCCESS method=DataBaseTest.DBLogInTest()[pri:0, instance:com.pa.qa.testcases.DataBaseTest@475e586c] output={null}]]]>
              </value>
            </param>
          </params>
          <reporter-output>
          </reporter-output>
        </test-method> <!-- getResult -->
        <test-method is-config="true" signature="tearDown()[pri:0, instance:com.pa.qa.testcases.DataBaseTest@475e586c]" started-at="2020-02-16T11:25:25Z" name="tearDown" finished-at="2020-02-16T11:25:26Z" duration-ms="1328" status="PASS">
          <reporter-output>
          </reporter-output>
        </test-method> <!-- tearDown -->
        <test-method is-config="true" signature="tearDown()[pri:0, instance:com.pa.qa.testcases.HomePageTest@436a4e4b]" started-at="2020-02-16T11:25:26Z" name="tearDown" finished-at="2020-02-16T11:25:26Z" duration-ms="20" status="PASS">
          <reporter-output>
          </reporter-output>
        </test-method> <!-- tearDown -->
        <test-method is-config="true" signature="tearDown()[pri:0, instance:com.pa.qa.testcases.LogInToAppTest@657c8ad9]" started-at="2020-02-16T11:25:26Z" name="tearDown" finished-at="2020-02-16T11:25:26Z" duration-ms="0" status="PASS">
          <reporter-output>
          </reporter-output>
        </test-method> <!-- tearDown -->
      </class> <!-- com.pa.qa.testcases.DataBaseTest -->
      <class name="com.pa.qa.testcases.HomePageTest">
        <test-method is-config="true" signature="setUp()[pri:0, instance:com.pa.qa.testcases.HomePageTest@436a4e4b]" started-at="2020-02-16T11:22:27Z" name="setUp" finished-at="2020-02-16T11:22:44Z" duration-ms="17146" status="PASS">
          <reporter-output>
            <line>
              <![CDATA[Browser Launched successfully]]>
            </line>
          </reporter-output>
        </test-method> <!-- setUp -->
        <test-method signature="HomePageSlidesTest()[pri:0, instance:com.pa.qa.testcases.HomePageTest@436a4e4b]" started-at="2020-02-16T11:22:44Z" name="HomePageSlidesTest" finished-at="2020-02-16T11:23:19Z" duration-ms="35327" status="PASS">
          <reporter-output>
            <line>
              <![CDATA[Sucessfully validated the three slides ]]>
            </line>
          </reporter-output>
        </test-method> <!-- HomePageSlidesTest -->
        <test-method is-config="true" signature="getResult(org.testng.ITestResult)[pri:0, instance:com.pa.qa.testcases.HomePageTest@436a4e4b]" started-at="2020-02-16T11:23:19Z" name="getResult" finished-at="2020-02-16T11:23:23Z" duration-ms="3709" status="PASS">
          <params>
            <param index="0">
              <value>
                <![CDATA[[TestResult name=HomePageSlidesTest status=SUCCESS method=HomePageTest.HomePageSlidesTest()[pri:0, instance:com.pa.qa.testcases.HomePageTest@436a4e4b] output=Sucessfully validated the three slides ]]]>
              </value>
            </param>
          </params>
          <reporter-output>
          </reporter-output>
        </test-method> <!-- getResult -->
        <test-method is-config="true" signature="setUp()[pri:0, instance:com.pa.qa.testcases.HomePageTest@436a4e4b]" started-at="2020-02-16T11:23:23Z" name="setUp" finished-at="2020-02-16T11:23:43Z" duration-ms="19838" status="PASS">
          <reporter-output>
            <line>
              <![CDATA[Browser Launched successfully]]>
            </line>
          </reporter-output>
        </test-method> <!-- setUp -->
        <test-method signature="HomePageArrivalsTest()[pri:1, instance:com.pa.qa.testcases.HomePageTest@436a4e4b]" started-at="2020-02-16T11:23:43Z" name="HomePageArrivalsTest" finished-at="2020-02-16T11:24:15Z" duration-ms="32101" status="PASS">
          <reporter-output>
            <line>
              <![CDATA[Sucessfully validated the three slides ]]>
            </line>
          </reporter-output>
        </test-method> <!-- HomePageArrivalsTest -->
        <test-method is-config="true" signature="getResult(org.testng.ITestResult)[pri:0, instance:com.pa.qa.testcases.HomePageTest@436a4e4b]" started-at="2020-02-16T11:24:15Z" name="getResult" finished-at="2020-02-16T11:24:19Z" duration-ms="3442" status="PASS">
          <params>
            <param index="0">
              <value>
                <![CDATA[[TestResult name=HomePageArrivalsTest status=SUCCESS method=HomePageTest.HomePageArrivalsTest()[pri:1, instance:com.pa.qa.testcases.HomePageTest@436a4e4b] output=Sucessfully validated the three slides ]]]>
              </value>
            </param>
          </params>
          <reporter-output>
          </reporter-output>
        </test-method> <!-- getResult -->
        <test-method is-config="true" signature="setUp()[pri:0, instance:com.pa.qa.testcases.HomePageTest@436a4e4b]" started-at="2020-02-16T11:24:19Z" name="setUp" finished-at="2020-02-16T11:24:37Z" duration-ms="18543" status="PASS">
          <reporter-output>
            <line>
              <![CDATA[Browser Launched successfully]]>
            </line>
          </reporter-output>
        </test-method> <!-- setUp -->
        <test-method signature="HomePageNewArrivalsNavigateTest()[pri:2, instance:com.pa.qa.testcases.HomePageTest@436a4e4b]" started-at="2020-02-16T11:24:37Z" name="HomePageNewArrivalsNavigateTest" finished-at="2020-02-16T11:25:22Z" duration-ms="45053" status="PASS">
          <reporter-output>
            <line>
              <![CDATA[Sucessfully validated the three slides ]]>
            </line>
          </reporter-output>
        </test-method> <!-- HomePageNewArrivalsNavigateTest -->
        <test-method is-config="true" signature="getResult(org.testng.ITestResult)[pri:0, instance:com.pa.qa.testcases.HomePageTest@436a4e4b]" started-at="2020-02-16T11:25:22Z" name="getResult" finished-at="2020-02-16T11:25:24Z" duration-ms="1496" status="PASS">
          <params>
            <param index="0">
              <value>
                <![CDATA[[TestResult name=HomePageNewArrivalsNavigateTest status=SUCCESS method=HomePageTest.HomePageNewArrivalsNavigateTest()[pri:2, instance:com.pa.qa.testcases.HomePageTest@436a4e4b] output=Sucessfully validated the three slides ]]]>
              </value>
            </param>
          </params>
          <reporter-output>
          </reporter-output>
        </test-method> <!-- getResult -->
      </class> <!-- com.pa.qa.testcases.HomePageTest -->
    </test> <!-- Test -->
  </suite> <!-- Suite -->
</testng-results>
